1513005418484	geckodriver	INFO	geckodriver 0.19.1
1513005418486	geckodriver	INFO	Listening on 127.0.0.1:55875
1513005419596	mozrunner::runner	INFO	Running command: "/usr/bin/firefox" "-marionette" "-profile" "/tmp/rust_mozprofile.UHvjLU5MvsUi"
1513005419874	Marionette	INFO	Enabled via --marionette
1513005420594	Marionette	INFO	Listening on port 35670
1513005420605	Marionette	WARN	TLS certificate errors will be ignored for this session
1513005420641	Marionette	DEBUG	Register listener.js for window 2147483649
1513005420666	Marionette	DEBUG	Received DOM event "beforeunload" for "about:blank"
1513005420677	Marionette	DEBUG	Received DOM event "pagehide" for "about:blank"
1513005420677	Marionette	DEBUG	Received DOM event "unload" for "about:blank"
1513005420681	Marionette	DEBUG	Received DOM event "DOMContentLoaded" for "http://localhost:8000/"
1513005420737	Marionette	DEBUG	Received DOM event "pageshow" for "http://localhost:8000/"
1513005420760	addons.xpi	WARN	Exception running bootstrap method shutdown on activity-stream@mozilla.org: [Exception... "Component returned failure code: 0x80004005 (NS_ERROR_FAILURE) [nsIObserverService.removeObserver]"  nsresult: "0x80004005 (NS_ERROR_FAILURE)"  location: "JS frame :: resource://activity-stream/lib/SnippetsFeed.jsm :: uninit :: line 123"  data: no] Stack trace: uninit()@resource://activity-stream/lib/SnippetsFeed.jsm:123 < onAction()@resource://activity-stream/lib/SnippetsFeed.jsm:138 < _middleware/</<()@resource://activity-stream/lib/Store.jsm:52 < Store/this[method]()@resource://activity-stream/lib/Store.jsm:31 < uninit()@resource://activity-stream/lib/Store.jsm:151 < uninit()@resource://activity-stream/lib/ActivityStream.jsm:266 < uninit()@resource://gre/modules/addons/XPIProvider.jsm -> jar:file:///usr/lib/firefox/browser/features/activity-stream@mozilla.org.xpi!/bootstrap.js:80 < shutdown()@resource://gre/modules/addons/XPIProvider.jsm -> jar:file:///usr/lib/firefox/browser/features/activity-stream@mozilla.org.xpi!/bootstrap.js:196 < callBootstrapMethod()@resource://gre/modules/addons/XPIProvider.jsm:4509 < observe()@resource://gre/modules/addons/XPIProvider.jsm:2281 < GeckoDriver.prototype.quit()@driver.js:3307 < despatch()@server.js:553 < execute()@server.js:527 < onPacket/<()@server.js:502 < onPacket()@server.js:501 < _onJSONObjectReady/<()@transport.js:501
[Child 16143, Chrome_ChildThread] WARNING: pipe error (31): Connection reset by peer: file /build/firefox-bfYN6l/firefox-57.0.1+build2/ipc/chromium/src/chrome/common/ipc_channel_posix.cc, line 353
[Child 16143, Chrome_ChildThread] WARNING: pipe error (15): Connection reset by peer: file /build/firefox-bfYN6l/firefox-57.0.1+build2/ipc/chromium/src/chrome/common/ipc_channel_posix.cc, line 353
[Child 16143, Chrome_ChildThread] WARNING: pipe error (3): Connection reset by peer: file /build/firefox-bfYN6l/firefox-57.0.1+build2/ipc/chromium/src/chrome/common/ipc_channel_posix.cc, line 353
1513005561441	geckodriver	INFO	geckodriver 0.19.1
1513005561443	geckodriver	INFO	Listening on 127.0.0.1:44472
1513005562524	mozrunner::runner	INFO	Running command: "/usr/bin/firefox" "-marionette" "-profile" "/tmp/rust_mozprofile.24LWXAqDDcVT"
1513005562802	Marionette	INFO	Enabled via --marionette
1513005563483	Marionette	INFO	Listening on port 38696
1513005563538	Marionette	WARN	TLS certificate errors will be ignored for this session
1513005563576	Marionette	DEBUG	Register listener.js for window 2147483649
1513005563609	Marionette	DEBUG	Received DOM event "beforeunload" for "about:blank"
1513005563619	Marionette	DEBUG	Received DOM event "pagehide" for "about:blank"
1513005563620	Marionette	DEBUG	Received DOM event "unload" for "about:blank"
1513005563624	Marionette	DEBUG	Received DOM event "DOMContentLoaded" for "http://localhost:8000/"
1513005563680	Marionette	DEBUG	Received DOM event "pageshow" for "http://localhost:8000/"
1513005563705	addons.xpi	WARN	Exception running bootstrap method shutdown on activity-stream@mozilla.org: [Exception... "Component returned failure code: 0x80004005 (NS_ERROR_FAILURE) [nsIObserverService.removeObserver]"  nsresult: "0x80004005 (NS_ERROR_FAILURE)"  location: "JS frame :: resource://activity-stream/lib/SnippetsFeed.jsm :: uninit :: line 123"  data: no] Stack trace: uninit()@resource://activity-stream/lib/SnippetsFeed.jsm:123 < onAction()@resource://activity-stream/lib/SnippetsFeed.jsm:138 < _middleware/</<()@resource://activity-stream/lib/Store.jsm:52 < Store/this[method]()@resource://activity-stream/lib/Store.jsm:31 < uninit()@resource://activity-stream/lib/Store.jsm:151 < uninit()@resource://activity-stream/lib/ActivityStream.jsm:266 < uninit()@resource://gre/modules/addons/XPIProvider.jsm -> jar:file:///usr/lib/firefox/browser/features/activity-stream@mozilla.org.xpi!/bootstrap.js:80 < shutdown()@resource://gre/modules/addons/XPIProvider.jsm -> jar:file:///usr/lib/firefox/browser/features/activity-stream@mozilla.org.xpi!/bootstrap.js:196 < callBootstrapMethod()@resource://gre/modules/addons/XPIProvider.jsm:4509 < observe()@resource://gre/modules/addons/XPIProvider.jsm:2281 < GeckoDriver.prototype.quit()@driver.js:3307 < despatch()@server.js:553 < execute()@server.js:527 < onPacket/<()@server.js:502 < onPacket()@server.js:501 < _onJSONObjectReady/<()@transport.js:501
[Child 16340, Chrome_ChildThread] WARNING: pipe error (16): Connection reset by peer: file /build/firefox-bfYN6l/firefox-57.0.1+build2/ipc/chromium/src/chrome/common/ipc_channel_posix.cc, line 353
[Child 16340, Chrome_ChildThread] WARNING: pipe error (31): Connection reset by peer: file /build/firefox-bfYN6l/firefox-57.0.1+build2/ipc/chromium/src/chrome/common/ipc_channel_posix.cc, line 353
[Child 16340, Chrome_ChildThread] WARNING: pipe error (3): Connection reset by peer: file /build/firefox-bfYN6l/firefox-57.0.1+build2/ipc/chromium/src/chrome/common/ipc_channel_posix.cc, line 353
1513008635403	geckodriver	INFO	geckodriver 0.19.1
1513008635405	geckodriver	INFO	Listening on 127.0.0.1:36801
1513008636491	mozrunner::runner	INFO	Running command: "/usr/bin/firefox" "-marionette" "-profile" "/tmp/rust_mozprofile.OY6p1C4snGTl"
1513008636767	Marionette	INFO	Enabled via --marionette
1513008637442	Marionette	INFO	Listening on port 35820
1513008637501	Marionette	WARN	TLS certificate errors will be ignored for this session
1513008637538	Marionette	DEBUG	Register listener.js for window 2147483649
1513008637558	Marionette	DEBUG	Received DOM event "beforeunload" for "about:blank"
1513008637577	Marionette	DEBUG	Received DOM event "pagehide" for "about:blank"
1513008637578	Marionette	DEBUG	Received DOM event "unload" for "about:blank"
1513008637581	Marionette	DEBUG	Received DOM event "DOMContentLoaded" for "http://localhost:8000/"
1513008637630	Marionette	DEBUG	Received DOM event "pageshow" for "http://localhost:8000/"
1513008637661	addons.xpi	WARN	Exception running bootstrap method shutdown on activity-stream@mozilla.org: [Exception... "Component returned failure code: 0x80004005 (NS_ERROR_FAILURE) [nsIObserverService.removeObserver]"  nsresult: "0x80004005 (NS_ERROR_FAILURE)"  location: "JS frame :: resource://activity-stream/lib/SnippetsFeed.jsm :: uninit :: line 123"  data: no] Stack trace: uninit()@resource://activity-stream/lib/SnippetsFeed.jsm:123 < onAction()@resource://activity-stream/lib/SnippetsFeed.jsm:138 < _middleware/</<()@resource://activity-stream/lib/Store.jsm:52 < Store/this[method]()@resource://activity-stream/lib/Store.jsm:31 < uninit()@resource://activity-stream/lib/Store.jsm:151 < uninit()@resource://activity-stream/lib/ActivityStream.jsm:266 < uninit()@resource://gre/modules/addons/XPIProvider.jsm -> jar:file:///usr/lib/firefox/browser/features/activity-stream@mozilla.org.xpi!/bootstrap.js:80 < shutdown()@resource://gre/modules/addons/XPIProvider.jsm -> jar:file:///usr/lib/firefox/browser/features/activity-stream@mozilla.org.xpi!/bootstrap.js:196 < callBootstrapMethod()@resource://gre/modules/addons/XPIProvider.jsm:4509 < observe()@resource://gre/modules/addons/XPIProvider.jsm:2281 < GeckoDriver.prototype.quit()@driver.js:3307 < despatch()@server.js:553 < execute()@server.js:527 < onPacket/<()@server.js:502 < onPacket()@server.js:501 < _onJSONObjectReady/<()@transport.js:501
[Child 17943, Chrome_ChildThread] WARNING: pipe error (17): Connection reset by peer: file /build/firefox-bfYN6l/firefox-57.0.1+build2/ipc/chromium/src/chrome/common/ipc_channel_posix.cc, line 353
[Child 17943, Chrome_ChildThread] WARNING: pipe error (31): Connection reset by peer: file /build/firefox-bfYN6l/firefox-57.0.1+build2/ipc/chromium/src/chrome/common/ipc_channel_posix.cc, line 353
[Child 17943, Chrome_ChildThread] WARNING: pipe error (3): Connection reset by peer: file /build/firefox-bfYN6l/firefox-57.0.1+build2/ipc/chromium/src/chrome/common/ipc_channel_posix.cc, line 353
1513010517325	geckodriver	INFO	geckodriver 0.19.1
1513010517327	geckodriver	INFO	Listening on 127.0.0.1:41245
1513010518409	mozrunner::runner	INFO	Running command: "/usr/bin/firefox" "-marionette" "-profile" "/tmp/rust_mozprofile.T6XAAHaNS425"
1513010518685	Marionette	INFO	Enabled via --marionette
1513010519403	Marionette	INFO	Listening on port 46688
1513010519419	Marionette	WARN	TLS certificate errors will be ignored for this session
1513010519456	Marionette	DEBUG	Register listener.js for window 2147483649
1513010519474	Marionette	DEBUG	Received DOM event "beforeunload" for "about:blank"
1513010519494	Marionette	DEBUG	Received DOM event "pagehide" for "about:blank"
1513010519494	Marionette	DEBUG	Received DOM event "unload" for "about:blank"
1513010519498	Marionette	DEBUG	Received DOM event "DOMContentLoaded" for "http://localhost:8000/"
1513010519545	Marionette	DEBUG	Received DOM event "pageshow" for "http://localhost:8000/"
1513010519571	addons.xpi	WARN	Exception running bootstrap method shutdown on activity-stream@mozilla.org: [Exception... "Component returned failure code: 0x80004005 (NS_ERROR_FAILURE) [nsIObserverService.removeObserver]"  nsresult: "0x80004005 (NS_ERROR_FAILURE)"  location: "JS frame :: resource://activity-stream/lib/SnippetsFeed.jsm :: uninit :: line 123"  data: no] Stack trace: uninit()@resource://activity-stream/lib/SnippetsFeed.jsm:123 < onAction()@resource://activity-stream/lib/SnippetsFeed.jsm:138 < _middleware/</<()@resource://activity-stream/lib/Store.jsm:52 < Store/this[method]()@resource://activity-stream/lib/Store.jsm:31 < uninit()@resource://activity-stream/lib/Store.jsm:151 < uninit()@resource://activity-stream/lib/ActivityStream.jsm:266 < uninit()@resource://gre/modules/addons/XPIProvider.jsm -> jar:file:///usr/lib/firefox/browser/features/activity-stream@mozilla.org.xpi!/bootstrap.js:80 < shutdown()@resource://gre/modules/addons/XPIProvider.jsm -> jar:file:///usr/lib/firefox/browser/features/activity-stream@mozilla.org.xpi!/bootstrap.js:196 < callBootstrapMethod()@resource://gre/modules/addons/XPIProvider.jsm:4509 < observe()@resource://gre/modules/addons/XPIProvider.jsm:2281 < GeckoDriver.prototype.quit()@driver.js:3307 < despatch()@server.js:553 < execute()@server.js:527 < onPacket/<()@server.js:502 < onPacket()@server.js:501 < _onJSONObjectReady/<()@transport.js:501
[Child 18859, Chrome_ChildThread] WARNING: pipe error (16): Connection reset by peer: file /build/firefox-bfYN6l/firefox-57.0.1+build2/ipc/chromium/src/chrome/common/ipc_channel_posix.cc, line 353
[Child 18859, Chrome_ChildThread] WARNING: pipe error (31): Connection reset by peer: file /build/firefox-bfYN6l/firefox-57.0.1+build2/ipc/chromium/src/chrome/common/ipc_channel_posix.cc, line 353
[Child 18859, Chrome_ChildThread] WARNING: pipe error (3): Connection reset by peer: file /build/firefox-bfYN6l/firefox-57.0.1+build2/ipc/chromium/src/chrome/common/ipc_channel_posix.cc, line 353
